[    0.000000] Initializing cgroup subsys cpuset
[    0.000000] Initializing cgroup subsys cpu
[    0.000000] Initializing cgroup subsys cpuacct
[    0.000000] Linux version 4.4.0-210-generic (buildd@lgw01-amd64-009) (gcc version 5.4.0 20160609 (Ubuntu 5.4.0-6ubuntu1~16.04.12) ) #242-Ubuntu SMP Fri Apr 16 09:57:56 UTC 2021 (Ubuntu 4.4.0-210.242-generic 4.4.262)
[    0.000000] Command line: BOOT_IMAGE=/boot/vmlinuz-4.4.0-210-generic root=LABEL=cloudimg-rootfs ro console=tty1 console=ttyS0
[    0.000000] KERNEL supported cpus:
[    0.000000]   Intel GenuineIntel
[    0.000000]   AMD AuthenticAMD
[    0.000000]   Centaur CentaurHauls
[    0.000000] x86/fpu: xstate_offset[2]:  576, xstate_sizes[2]:  256
[    0.000000] x86/fpu: Supporting XSAVE feature 0x01: 'x87 floating point registers'
[    0.000000] x86/fpu: Supporting XSAVE feature 0x02: 'SSE registers'
[    0.000000] x86/fpu: Supporting XSAVE feature 0x04: 'AVX registers'
[    0.000000] x86/fpu: Enabled xstate features 0x7, context size is 832 bytes, using 'standard' format.
[    0.000000] e820: BIOS-provided physical RAM map:
[    0.000000] BIOS-e820: [mem 0x0000000000000000-0x000000000009fbff] usable
[    0.000000] BIOS-e820: [mem 0x000000000009fc00-0x000000000009ffff] reserved
[    0.000000] BIOS-e820: [mem 0x00000000000f0000-0x00000000000fffff] reserved
[    0.000000] BIOS-e820: [mem 0x0000000000100000-0x000000007ffeffff] usable
[    0.000000] BIOS-e820: [mem 0x000000007fff0000-0x000000007fffffff] ACPI data
[    0.000000] BIOS-e820: [mem 0x00000000fec00000-0x00000000fec00fff] reserved
[    0.000000] BIOS-e820: [mem 0x00000000fee00000-0x00000000fee00fff] reserved
[    0.000000] BIOS-e820: [mem 0x00000000fffc0000-0x00000000ffffffff] reserved
[    0.000000] NX (Execute Disable) protection: active
[    0.000000] SMBIOS 2.5 present.
[    0.000000] Hypervisor detected: KVM
[    0.000000] e820: last_pfn = 0x7fff0 max_arch_pfn = 0x400000000
[    0.000000] MTRR: Disabled
[    0.000000] x86/PAT: MTRRs disabled, skipping PAT initialization too.
[    0.000000] CPU MTRRs all blank - virtualized system.
[    0.000000] x86/PAT: Configuration [0-7]: WB  WT  UC- UC  WB  WT  UC- UC  
[    0.000000] found SMP MP-table at [mem 0x0009fff0-0x0009ffff] mapped at [ffff88000009fff0]
[    0.000000] Scanning 1 areas for low memory corruption
[    0.000000] RAMDISK: [mem 0x362dc000-0x37165fff]
[    0.000000] ACPI: Early table checksum verification disabled
[    0.000000] ACPI: RSDP 0x00000000000E0000 000024 (v02 VBOX  )
[    0.000000] ACPI: XSDT 0x000000007FFF0030 00003C (v01 VBOX   VBOXXSDT 00000001 ASL  00000061)
[    0.000000] ACPI: FACP 0x000000007FFF00F0 0000F4 (v04 VBOX   VBOXFACP 00000001 ASL  00000061)
[    0.000000] ACPI: DSDT 0x000000007FFF0470 002325 (v02 VBOX   VBOXBIOS 00000002 INTL 20200925)
[    0.000000] ACPI: FACS 0x000000007FFF0200 000040
[    0.000000] ACPI: FACS 0x000000007FFF0200 000040
[    0.000000] ACPI: APIC 0x000000007FFF0240 00005C (v02 VBOX   VBOXAPIC 00000001 ASL  00000061)
[    0.000000] ACPI: SSDT 0x000000007FFF02A0 0001CC (v01 VBOX   VBOXCPUT 00000002 INTL 20200925)
[    0.000000] No NUMA configuration found
[    0.000000] Faking a node at [mem 0x0000000000000000-0x000000007ffeffff]
[    0.000000] NODE_DATA(0) allocated [mem 0x7ffeb000-0x7ffeffff]
[    0.000000] kvm-clock: Using msrs 4b564d01 and 4b564d00
[    0.000000] kvm-clock: cpu 0, msr 0:7ffe3001, primary cpu clock
[    0.000000] kvm-clock: using sched offset of 3145074207 cycles
[    0.000000] clocksource: kvm-clock: mask: 0xffffffffffffffff max_cycles: 0x1cd42e4dffb, max_idle_ns: 881590591483 ns
[    0.000000] Zone ranges:
[    0.000000]   DMA      [mem 0x0000000000001000-0x0000000000ffffff]
[    0.000000]   DMA32    [mem 0x0000000001000000-0x000000007ffeffff]
[    0.000000]   Normal   empty
[    0.000000]   Device   empty
[    0.000000] Movable zone start for each node
[    0.000000] Early memory node ranges
[    0.000000]   node   0: [mem 0x0000000000001000-0x000000000009efff]
[    0.000000]   node   0: [mem 0x0000000000100000-0x000000007ffeffff]
[    0.000000] Initmem setup node 0 [mem 0x0000000000001000-0x000000007ffeffff]
[    0.000000] ACPI: PM-Timer IO Port: 0x4008
[    0.000000] IOAPIC[0]: apic_id 2, version 32, address 0xfec00000, GSI 0-23
[    0.000000] ACPI: INT_SRC_OVR (bus 0 bus_irq 0 global_irq 2 dfl dfl)
[    0.000000] ACPI: INT_SRC_OVR (bus 0 bus_irq 9 global_irq 9 low level)
[    0.000000] Using ACPI (MADT) for SMP configuration information
[    0.000000] smpboot: Allowing 2 CPUs, 0 hotplug CPUs
[    0.000000] PM: Registered nosave memory: [mem 0x00000000-0x00000fff]
[    0.000000] PM: Registered nosave memory: [mem 0x0009f000-0x0009ffff]
[    0.000000] PM: Registered nosave memory: [mem 0x000a0000-0x000effff]
[    0.000000] PM: Registered nosave memory: [mem 0x000f0000-0x000fffff]
[    0.000000] e820: [mem 0x80000000-0xfebfffff] available for PCI devices
[    0.000000] Booting paravirtualized kernel on KVM
[    0.000000] clocksource: refined-jiffies: mask: 0xffffffff max_cycles: 0xffffffff, max_idle_ns: 7645519600211568 ns
[    0.000000] setup_percpu: NR_CPUS:512 nr_cpumask_bits:512 nr_cpu_ids:2 nr_node_ids:1
[    0.000000] PERCPU: Embedded 33 pages/cpu @ffff88007fc00000 s95192 r8192 d31784 u1048576
[    0.000000] Built 1 zonelists in Node order, mobility grouping on.  Total pages: 515960
[    0.000000] Policy zone: DMA32
[    0.000000] Kernel command line: BOOT_IMAGE=/boot/vmlinuz-4.4.0-210-generic root=LABEL=cloudimg-rootfs ro console=tty1 console=ttyS0
[    0.000000] PID hash table entries: 4096 (order: 3, 32768 bytes)
[    0.000000] Memory: 2029984K/2096696K available (8644K kernel code, 1332K rwdata, 4044K rodata, 1492K init, 1164K bss, 66712K reserved, 0K cma-reserved)
[    0.000000] SLUB: HWalign=64, Order=0-3, MinObjects=0, CPUs=2, Nodes=1
[    0.000000] Kernel/User page tables isolation: enabled
[    0.000000] Hierarchical RCU implementation.
[    0.000000] 	Build-time adjustment of leaf fanout to 64.
[    0.000000] 	RCU restricting CPUs from NR_CPUS=512 to nr_cpu_ids=2.
[    0.000000] RCU: Adjusting geometry for rcu_fanout_leaf=64, nr_cpu_ids=2
[    0.000000] NR_IRQS:33024 nr_irqs:440 16
[    0.000000] Console: colour VGA+ 80x25
[    0.000000] console [tty1] enabled
[    0.000000] console [ttyS0] enabled
[    0.000000] tsc: Detected 2803.198 MHz processor
[    0.091958] Calibrating delay loop (skipped) preset value.. 5606.39 BogoMIPS (lpj=11212792)
[    0.093063] pid_max: default: 32768 minimum: 301
[    0.093629] ACPI: Core revision 20150930
[    0.094695] ACPI: 2 ACPI AML tables successfully acquired and loaded
[    0.095520] Security Framework initialized
[    0.096018] Yama: becoming mindful.
[    0.096481] AppArmor: AppArmor initialized
[    0.097530] Dentry cache hash table entries: 262144 (order: 9, 2097152 bytes)
[    0.098506] Inode-cache hash table entries: 131072 (order: 8, 1048576 bytes)
[    0.099778] Mount-cache hash table entries: 4096 (order: 3, 32768 bytes)
[    0.100509] Mountpoint-cache hash table entries: 4096 (order: 3, 32768 bytes)
[    0.101411] Initializing cgroup subsys io
[    0.101905] Initializing cgroup subsys memory
[    0.102427] Initializing cgroup subsys devices
[    0.102954] Initializing cgroup subsys freezer
[    0.103481] Initializing cgroup subsys net_cls
[    0.104025] Initializing cgroup subsys perf_event
[    0.105026] Initializing cgroup subsys net_prio
[    0.106139] Initializing cgroup subsys hugetlb
[    0.107251] Initializing cgroup subsys pids
[    0.135169] mce: CPU supports 0 MCE banks
[    0.135811] Last level iTLB entries: 4KB 0, 2MB 0, 4MB 0
[    0.136434] Last level dTLB entries: 4KB 0, 2MB 0, 4MB 0, 1GB 0
[    0.137105] Spectre V1 : Mitigation: usercopy/swapgs barriers and __user pointer sanitization
[    0.138118] Spectre V2 : Mitigation: Full generic retpoline
[    0.138757] Spectre V2 : Spectre v2 / SpectreRSB mitigation: Filling RSB on context switch
[    0.139763] Speculative Store Bypass: Vulnerable
[    0.140390] MDS: Mitigation: Clear CPU buffers
[    0.142791] Freeing SMP alternatives memory: 36K
[    0.147664] ftrace: allocating 32380 entries in 127 pages
[    0.185210] smpboot: APIC(0) Converting physical 0 to logical package 0
[    0.185976] smpboot: Max logical packages: 1
[    0.186663] x2apic enabled
[    0.187208] Switched APIC routing to physical x2apic.
[    0.188627] ..TIMER: vector=0x30 apic1=0 pin1=2 apic2=-1 pin2=-1
[    0.297418] smpboot: CPU0: 11th Gen Intel(R) Core(TM) i7-1165G7 @ 2.80GHz (family: 0x6, model: 0x8c, stepping: 0x1)
[    0.298989] Performance Events: unsupported p6 CPU model 140 no PMU driver, software events only.
[    0.309052] KVM setup paravirtual spinlock
[    0.311091] x86: Booting SMP configuration:
[    0.311708] .... node  #0, CPUs:      #1
[    0.312387] kvm-clock: cpu 1, msr 0:7ffe3041, secondary cpu clock
[    0.338145] mce: CPU supports 0 MCE banks
[    0.340676] x86: Booted up 1 node, 2 CPUs
[    0.341576] smpboot: Total of 2 processors activated (11212.79 BogoMIPS)
[    0.342879] devtmpfs: initialized
[    0.344230] evm: security.selinux
[    0.344734] evm: security.SMACK64
[    0.345274] evm: security.SMACK64EXEC
[    0.345857] evm: security.SMACK64TRANSMUTE
[    0.346530] evm: security.SMACK64MMAP
[    0.347114] evm: security.ima
[    0.347624] evm: security.capability
[    0.348348] clocksource: jiffies: mask: 0xffffffff max_cycles: 0xffffffff, max_idle_ns: 7645041785100000 ns
[    0.349746] futex hash table entries: 512 (order: 3, 32768 bytes)
[    0.350732] pinctrl core: initialized pinctrl subsystem
[    0.351559] RTC time: 13:25:55, date: 11/25/22
[    0.352623] NET: Registered protocol family 16
[    0.362321] cpuidle: using governor ladder
[    0.374524] cpuidle: using governor menu
[    0.375268] PCCT header not found.
[    0.375987] ACPI: bus type PCI registered
[    0.376636] acpiphp: ACPI Hot Plug PCI Controller Driver version: 0.5
[    0.377625] PCI: Using configuration type 1 for base access
[    0.391421] ACPI: Added _OSI(Module Device)
[    0.392118] ACPI: Added _OSI(Processor Device)
[    0.392845] ACPI: Added _OSI(3.0 _SCP Extensions)
[    0.393546] ACPI: Added _OSI(Processor Aggregator Device)
[    0.394870] ACPI: Executed 1 blocks of module-level executable AML code
[    0.397227] ACPI: Interpreter enabled
[    0.397828] ACPI: (supports S0 S5)
[    0.398415] ACPI: Using IOAPIC for interrupt routing
[    0.399262] PCI: Using host bridge windows from ACPI; if necessary, use "pci=nocrs" and report a bug
[    0.402787] ACPI: PCI Root Bridge [PCI0] (domain 0000 [bus 00-ff])
[    0.403639] acpi PNP0A03:00: _OSC: OS supports [ASPM ClockPM Segments MSI]
[    0.404807] acpi PNP0A03:00: _OSC: not requesting OS control; OS requires [ExtendedConfig ASPM ClockPM MSI]
[    0.406175] acpi PNP0A03:00: fail to add MMCONFIG information, can't access extended PCI configuration space under this bridge.
[    0.407943] PCI host bridge to bus 0000:00
[    0.408589] pci_bus 0000:00: root bus resource [io  0x0000-0x0cf7 window]
[    0.409517] pci_bus 0000:00: root bus resource [io  0x0d00-0xffff window]
[    0.410457] pci_bus 0000:00: root bus resource [mem 0x000a0000-0x000bffff window]
[    0.411612] pci_bus 0000:00: root bus resource [mem 0x80000000-0xfdffffff window]
[    0.412764] pci_bus 0000:00: root bus resource [bus 00-ff]
[    0.414605] pci 0000:00:01.1: legacy IDE quirk: reg 0x10: [io  0x01f0-0x01f7]
[    0.415565] pci 0000:00:01.1: legacy IDE quirk: reg 0x14: [io  0x03f6]
[    0.416467] pci 0000:00:01.1: legacy IDE quirk: reg 0x18: [io  0x0170-0x0177]
[    0.417401] pci 0000:00:01.1: legacy IDE quirk: reg 0x1c: [io  0x0376]
[    0.435125] pci 0000:00:07.0: quirk: [io  0x4000-0x403f] claimed by PIIX4 ACPI
[    0.436283] pci 0000:00:07.0: quirk: [io  0x4100-0x410f] claimed by PIIX4 SMB
[    0.441065] ACPI: PCI Interrupt Link [LNKA] (IRQs 5 9 10 *11)
[    0.442416] ACPI: PCI Interrupt Link [LNKB] (IRQs 5 9 *10 11)
[    0.443501] ACPI: PCI Interrupt Link [LNKC] (IRQs 5 *9 10 11)
[    0.444538] ACPI: PCI Interrupt Link [LNKD] (IRQs 5 9 10 *11)
[    0.445806] ACPI: Enabled 2 GPEs in block 00 to 07
[    0.446797] vgaarb: setting as boot device: PCI:0000:00:02.0
[    0.447584] vgaarb: device added: PCI:0000:00:02.0,decodes=io+mem,owns=io+mem,locks=none
[    0.448794] vgaarb: loaded
[    0.449291] vgaarb: bridge control possible 0000:00:02.0
[    0.450235] SCSI subsystem initialized
[    0.450931] ACPI: bus type USB registered
[    0.451580] usbcore: registered new interface driver usbfs
[    0.452373] usbcore: registered new interface driver hub
[    0.453121] usbcore: registered new device driver usb
[    0.454016] PCI: Using ACPI for IRQ routing
[    0.454869] NetLabel: Initializing
[    0.455436] NetLabel:  domain hash size = 128
[    0.456093] NetLabel:  protocols = UNLABELED CIPSOv4
[    0.457386] NetLabel:  unlabeled traffic allowed by default
[    0.459020] amd_nb: Cannot enumerate AMD northbridges
[    0.460307] clocksource: Switched to clocksource kvm-clock
[    0.466045] AppArmor: AppArmor Filesystem Enabled
[    0.466918] pnp: PnP ACPI init
[    0.467988] pnp: PnP ACPI: found 3 devices
[    0.475820] clocksource: acpi_pm: mask: 0xffffff max_cycles: 0xffffff, max_idle_ns: 2085701024 ns
[    0.477146] NET: Registered protocol family 2
[    0.477973] TCP established hash table entries: 16384 (order: 5, 131072 bytes)
[    0.479115] TCP bind hash table entries: 16384 (order: 6, 262144 bytes)
[    0.480038] TCP: Hash tables configured (established 16384 bind 16384)
[    0.480963] UDP hash table entries: 1024 (order: 3, 32768 bytes)
[    0.481807] UDP-Lite hash table entries: 1024 (order: 3, 32768 bytes)
[    0.482725] NET: Registered protocol family 1
[    0.483404] pci 0000:00:00.0: Limiting direct PCI/PCI transfers
[    0.484251] pci 0000:00:01.0: Activating ISA DMA hang workarounds
[    0.485191] Unpacking initramfs...
[    0.623526] Freeing initrd memory: 14888K
[    0.624354] clocksource: tsc: mask: 0xffffffffffffffff max_cycles: 0x28680e0a5c3, max_idle_ns: 440795346756 ns
[    0.625830] platform rtc_cmos: registered platform RTC device (no PNP device found)
[    0.627016] Scanning for low memory corruption every 60 seconds
[    0.628134] audit: initializing netlink subsys (disabled)
[    0.628954] audit: type=2000 audit(1669382760.244:1): initialized
[    0.629984] Initialise system trusted keyring
[    0.630849] HugeTLB registered 2 MB page size, pre-allocated 0 pages
[    0.632683] zbud: loaded
[    0.633458] VFS: Disk quotas dquot_6.6.0
[    0.634118] VFS: Dquot-cache hash table entries: 512 (order 0, 4096 bytes)
[    0.635258] squashfs: version 4.0 (2009/01/31) Phillip Lougher
[    0.636288] fuse init (API version 7.23)
[    0.637038] Key type big_key registered
[    0.637641] Allocating IMA MOK and blacklist keyrings.
[    0.638964] Key type asymmetric registered
[    0.639601] Asymmetric key parser 'x509' registered
[    0.640432] Block layer SCSI generic (bsg) driver version 0.4 loaded (major 249)
[    0.641640] io scheduler noop registered
[    0.642260] io scheduler deadline registered (default)
[    0.643030] io scheduler cfq registered
[    0.643714] pci_hotplug: PCI Hot Plug PCI Core version: 0.5
[    0.644524] pciehp: PCI Express Hot Plug Controller Driver version: 0.4
[    0.645489] ACPI: AC Adapter [AC] (on-line)
[    0.646171] input: Power Button as /devices/LNXSYSTM:00/LNXPWRBN:00/input/input0
[    0.647308] ACPI: Power Button [PWRF]
[    0.647944] input: Sleep Button as /devices/LNXSYSTM:00/LNXSLPBN:00/input/input1
[    0.649116] ACPI: Sleep Button [SLPF]
[    0.649855] GHES: HEST is not enabled!
[    0.650542] Serial: 8250/16550 driver, 32 ports, IRQ sharing enabled
[    0.671749] 00:02: ttyS0 at I/O 0x3f8 (irq = 4, base_baud = 115200) is a 16550A
[    0.674186] Linux agpgart interface v0.103
[    0.676917] loop: module loaded
[    0.677852] scsi host0: ata_piix
[    0.678504] scsi host1: ata_piix
[    0.679011] ata1: PATA max UDMA/33 cmd 0x1f0 ctl 0x3f6 bmdma 0xd000 irq 14
[    0.679936] ata2: PATA max UDMA/33 cmd 0x170 ctl 0x376 bmdma 0xd008 irq 15
[    0.681138] libphy: Fixed MDIO Bus: probed
[    0.681769] tun: Universal TUN/TAP device driver, 1.6
[    0.682503] tun: (C) 1999-2004 Max Krasnyansky <maxk@qualcomm.com>
[    0.683444] PPP generic driver version 2.4.2
[    0.684184] ehci_hcd: USB 2.0 'Enhanced' Host Controller (EHCI) Driver
[    0.685097] ehci-pci: EHCI PCI platform driver
[    0.685788] ehci-platform: EHCI generic platform driver
[    0.686549] ohci_hcd: USB 1.1 'Open' Host Controller (OHCI) Driver
[    0.687405] ohci-pci: OHCI PCI platform driver
[    0.688083] ohci-platform: OHCI generic platform driver
[    0.688866] uhci_hcd: USB Universal Host Controller Interface driver
[    0.689838] i8042: PNP: PS/2 Controller [PNP0303:PS2K,PNP0f03:PS2M] at 0x60,0x64 irq 1,12
[    0.691573] serio: i8042 KBD port at 0x60,0x64 irq 1
[    0.692316] serio: i8042 AUX port at 0x60,0x64 irq 12
[    0.693197] mousedev: PS/2 mouse device common for all mice
[    0.694184] input: AT Translated Set 2 keyboard as /devices/platform/i8042/serio0/input/input2
[    0.695725] rtc_cmos rtc_cmos: rtc core: registered rtc_cmos as rtc0
[    0.696671] rtc_cmos rtc_cmos: alarms up to one day, 114 bytes nvram
[    0.698073] i2c /dev entries driver
[    0.699094] device-mapper: uevent: version 1.0.3
[    0.700279] device-mapper: ioctl: 4.34.0-ioctl (2015-10-28) initialised: dm-devel@redhat.com
[    0.701306] ledtrig-cpu: registered to indicate activity on CPUs
[    0.702188] NET: Registered protocol family 10
[    0.702856] NET: Registered protocol family 17
[    0.703408] Key type dns_resolver registered
[    0.704132] registered taskstats version 1
[    0.704660] Loading compiled-in X.509 certificates
[    0.705636] Loaded X.509 cert 'Build time autogenerated kernel key: cf00e047681d67edb2720680708b7d9498083038'
[    0.706808] zswap: loaded using pool lzo/zbud
[    0.709834] Key type trusted registered
[    0.712607] Key type encrypted registered
[    0.713116] AppArmor: AppArmor sha1 policy hashing enabled
[    0.713814] ima: No TPM chip found, activating TPM-bypass!
[    0.714447] ima: Allocated hash algorithm: sha1
[    0.714993] evm: HMAC attrs: 0x1
[    0.715579]   Magic number: 14:662:433
[    0.716106] rtc_cmos rtc_cmos: setting system clock to 2022-11-25 13:25:55 UTC (1669382755)
[    0.717166] BIOS EDD facility v0.16 2004-Jun-25, 0 devices found
[    0.717822] EDD information not available.
[    0.859180] Freeing unused kernel memory: 1492K
[    0.859795] Write protecting the kernel read-only data: 14336k
[    0.860812] Freeing unused kernel memory: 1584K
[    0.861454] Freeing unused kernel memory: 52K
Loading, please wait...
starting version 229
[    0.871176] random: systemd-udevd: uninitialized urandom read (16 bytes read, 3 bits of entropy available)
[    0.871658] random: udevadm: uninitialized urandom read (16 bytes read, 3 bits of entropy available)
[    0.871692] random: udevadm: uninitialized urandom read (16 bytes read, 3 bits of entropy available)
[    0.874673] random: systemd-udevd: uninitialized urandom read (16 bytes read, 3 bits of entropy available)
[    0.875836] random: systemd-udevd: uninitialized urandom read (16 bytes read, 3 bits of entropy available)
[    0.876983] random: systemd-udevd: uninitialized urandom read (16 bytes read, 3 bits of entropy available)
[    0.878600] random: systemd-udevd: uninitialized urandom read (16 bytes read, 3 bits of entropy available)
[    0.879209] random: udevadm: uninitialized urandom read (16 bytes read, 3 bits of entropy available)
[    0.879263] random: udevadm: uninitialized urandom read (16 bytes read, 3 bits of entropy available)
[    0.879379] random: udevadm: uninitialized urandom read (16 bytes read, 3 bits of entropy available)
[    0.926522] e1000: Intel(R) PRO/1000 Network Driver - version 7.3.21-k8-NAPI
[    0.928199] e1000: Copyright (c) 1999-2006 Intel Corporation.
[    0.932730] Fusion MPT base driver 3.04.20
[    0.933704] Copyright (c) 1999-2008 LSI Corporation
[    0.955054] AVX2 version of gcm_enc/dec engaged.
[    0.955828] AES CTR mode by8 optimization enabled
[    0.960053] Fusion MPT SPI Host driver 3.04.20
[    1.149324] input: ImExPS/2 Generic Explorer Mouse as /devices/platform/i8042/serio1/input/input4
[    1.278929] e1000 0000:00:03.0 eth0: (PCI:33MHz:32-bit) 02:be:82:6b:cc:1d
[    1.279778] e1000 0000:00:03.0 eth0: Intel(R) PRO/1000 Network Connection
[    1.281582] e1000 0000:00:03.0 enp0s3: renamed from eth0
[    1.282458] mptbase: ioc0: Initiating bringup
[    1.648586] ioc0: LSI53C1030 A0: Capabilities={Initiator}
[    2.945770] scsi host2: ioc0: LSI53C1030 A0, FwRev=00000000h, Ports=1, MaxQ=256, IRQ=20
[    4.353230] scsi 2:0:0:0: Direct-Access     VBOX     HARDDISK         1.0  PQ: 0 ANSI: 5
[    4.354441] scsi target2:0:0: Beginning Domain Validation
[    4.355658] scsi target2:0:0: Domain Validation skipping write tests
[    4.356519] scsi target2:0:0: Ending Domain Validation
[    4.357271] scsi target2:0:0: asynchronous
[    4.358189] scsi 2:0:1:0: Direct-Access     VBOX     HARDDISK         1.0  PQ: 0 ANSI: 5
[    4.359255] scsi target2:0:1: Beginning Domain Validation
[    4.360473] scsi target2:0:1: Domain Validation skipping write tests
[    4.361306] scsi target2:0:1: Ending Domain Validation
[    4.362058] scsi target2:0:1: asynchronous
[    4.372108] sd 2:0:0:0: Attached scsi generic sg0 type 0
[    4.373259] sd 2:0:0:0: [sda] 83886080 512-byte logical blocks: (42.9 GB/40.0 GiB)
[    4.375301] sd 2:0:0:0: [sda] Write Protect is off
[    4.375324] sd 2:0:1:0: Attached scsi generic sg1 type 0
[    4.376560] sd 2:0:1:0: [sdb] 20480 512-byte logical blocks: (10.5 MB/10.0 MiB)
[    4.376816] sd 2:0:1:0: [sdb] Write Protect is off
[    4.376861] sd 2:0:1:0: [sdb] Incomplete mode parameter data
[    4.376863] sd 2:0:1:0: [sdb] Assuming drive cache: write through
[    4.379414] sd 2:0:1:0: [sdb] Attached SCSI disk
[    4.381192] sd 2:0:0:0: [sda] Incomplete mode parameter data
[    4.381953] sd 2:0:0:0: [sda] Assuming drive cache: write through
[    4.383557]  sda: sda1
[    4.384561] sd 2:0:0:0: [sda] Attached SCSI disk
Begin: Loading essential drivers ... [    5.580478] md: linear personality registered for level -1
[    5.583504] md: multipath personality registered for level -4
[    5.586217] md: raid0 personality registered for level 0
[    5.589096] md: raid1 personality registered for level 1
[    5.656376] raid6: sse2x1   gen() 16889 MB/s
[    5.724371] raid6: sse2x1   xor() 11821 MB/s
[    5.792413] raid6: sse2x2   gen() 24262 MB/s
[    5.860469] raid6: sse2x2   xor() 16552 MB/s
[    5.928391] raid6: sse2x4   gen() 25846 MB/s
[    5.996396] raid6: sse2x4   xor() 15115 MB/s
[    6.064422] raid6: avx2x1   gen() 32619 MB/s
[    6.132374] raid6: avx2x2   gen() 43361 MB/s
[    6.200385] raid6: avx2x4   gen() 44692 MB/s
[    6.201025] raid6: using algorithm avx2x4 gen() 44692 MB/s
[    6.201706] raid6: using avx2x2 recovery algorithm
[    6.203353] xor: automatically using best checksumming function:
[    6.304404]    avx       : 135200.000 MB/sec
[    6.306409] async_tx: api initialized (async)
[    6.315063] md: raid6 personality registered for level 6
[    6.315834] md: raid5 personality registered for level 5
[    6.316463] md: raid4 personality registered for level 4
[    6.320706] md: raid10 personality registered for level 10
done.
Begin: Running /scripts/init-premount ... done.
Begin: Mounting root file system ... Begin: Running /scripts/local-top ... done.
Begin: Running /scripts/local-premount ... [    6.340576] Btrfs loaded
Scanning for Btrfs filesystems
done.
Warning: fsck not present, so skipping root file system
[    6.362849] EXT4-fs (sda1): mounted filesystem with ordered data mode. Opts: (null)
done.
Begin: Running /scripts/local-bottom ... done.
Begin: Running /scripts/init-bottom ... done.
[    6.421901] systemd[1]: systemd 229 running in system mode. (+PAM +AUDIT +SELINUX +IMA +APPARMOR +SMACK +SYSVINIT +UTMP +LIBCRYPTSETUP +GCRYPT +GNUTLS +ACL +XZ -LZ4 +SECCOMP +BLKID +ELFUTILS +KMOD -IDN)
[    6.423905] systemd[1]: Detected virtualization oracle.
[    6.424531] systemd[1]: Detected architecture x86-64.

Welcome to [1mUbuntu 16.04.7 LTS[0m!

[    6.426302] systemd[1]: Set hostname to <ubuntu>.
[    6.428015] systemd[1]: Initializing machine ID from random generator.
[    6.428949] systemd[1]: Installed transient /etc/machine-id file.
[    6.503034] systemd[1]: Listening on Journal Socket.
[[0;32m  OK  [0m] Listening on Journal Socket.
[    6.504253] systemd[1]: Listening on Journal Socket (/dev/log).
[[0;32m  OK  [0m] Listening on Journal Socket (/dev/log).
[    6.505700] systemd[1]: Reached target User and Group Name Lookups.
[[0;32m  OK  [0m] Reached target User and Group Name Lookups.
[    6.507159] systemd[1]: Reached target Swap.
[[0;32m  OK  [0m] Reached target Swap.
[    6.508304] systemd[1]: Listening on udev Kernel Socket.
[[0;32m  OK  [0m] Listening on udev Kernel Socket.
[    6.509649] systemd[1]: Listening on LVM2 poll daemon socket.
[[0;32m  OK  [0m] Listening on LVM2 poll daemon socket.
[    6.511096] systemd[1]: Set up automount Arbitrary Executable File Formats File System Automount Point.
[[0;32m  OK  [0m] Set up automount Arbitrary Executab...ats File System Automount Point.
[    6.513182] systemd[1]: Reached target Encrypted Volumes.
[[0;32m  OK  [0m] Reached target Encrypted Volumes.
[    6.514473] systemd[1]: Listening on fsck to fsckd communication Socket.
[[0;32m  OK  [0m] Listening on fsck to fsckd communication Socket.
[    6.516012] systemd[1]: Started Forward Password Requests to Wall Directory Watch.
[[0;32m  OK  [0m] Started Forward Password Requests to Wall Directory Watch.
[    6.517894] systemd[1]: Listening on Journal Audit Socket.
[[0;32m  OK  [0m] Listening on Journal Audit Socket.
[    6.519228] systemd[1]: Listening on Syslog Socket.
[[0;32m  OK  [0m] Listening on Syslog Socket.
[    6.520464] systemd[1]: Reached target System Time Synchronized.
[[0;32m  OK  [0m] Reached target System Time Synchronized.
[    6.522044] systemd[1]: Created slice User and Session Slice.
[[0;32m  OK  [0m] Created slice User and Session Slice.
[    6.523434] systemd[1]: Listening on LVM2 metadata daemon socket.
[[0;32m  OK  [0m] Listening on LVM2 metadata daemon socket.
[    6.524795] systemd[1]: Started Trigger resolvconf update for networkd DNS.
[[0;32m  OK  [0m] Started Trigger resolvconf update for networkd DNS.
[    6.526291] systemd[1]: Listening on udev Control Socket.
[[0;32m  OK  [0m] Listening on udev Control Socket.
[    6.527453] systemd[1]: Listening on Device-mapper event daemon FIFOs.
[[0;32m  OK  [0m] Listening on Device-mapper event daemon FIFOs.
[    6.528802] systemd[1]: Listening on /dev/initctl Compatibility Named Pipe.
[[0;32m  OK  [0m] Listening on /dev/initctl Compatibility Named Pipe.
[    6.530218] systemd[1]: Created slice System Slice.
[[0;32m  OK  [0m] Created slice System Slice.
[    6.540649] systemd[1]: Mounting Debug File System...
         Mounting Debug File System...
[    6.542327] systemd[1]: Reached target Slices.
[[0;32m  OK  [0m] Reached target Slices.
[    6.544395] systemd[1]: Starting Set console keymap...
         Starting Set console keymap...
[    6.546036] systemd[1]: Starting Create list of required static device nodes for the current kernel...
         Starting Create list of required st... nodes for the current kernel...
[    6.548451] systemd[1]: Starting Uncomplicated firewall...
         Starting Uncomplicated firewall...
[    6.551033] systemd[1]: Created slice system-serial\x2dgetty.slice.
[[0;32m  OK  [0m] Created slice system-serial\x2dgetty.slice.
[    6.553895] systemd[1]: Starting Load Kernel Modules...
         Starting Load Kernel Modules...
[    6.556903] systemd[1]: Starting Monitoring of LVM2 mirrors, snapshots etc. using dmeventd or progress polling...
         Starting Monitoring of LVM2 mirrors... dmeventd or progress polling...
[    6.559406] systemd[1]: Starting File System Check on Root Device...
         Starting File System Check on Root Device...
[    6.562163] systemd[1]: Starting Journal Service...
         Starting Journal Service...
[    6.565618] systemd[1]: Mounting Huge Pages File System...
         Mounting Huge Pages File System...
[    6.568215] systemd[1]: Mounting POSIX Message Queue File System...
         Mounting POSIX Message Queue File System...
[    6.570417] systemd[1]: Starting Nameserver information manager...
         Starting Nameserver information manager...
[    6.574263] systemd[1]: Mounted Huge Pages File System.
[[0;32m  OK  [0m] Mounted Huge Pages File System.
[    6.575461] systemd[1]: Mounted Debug File System.
[[0;32m  OK  [0m] Mounted Debug File System.
[    6.577156] systemd[1]: Started Create list of required static device nodes for the current kernel.
[[0;32m  OK  [0m] Started Create list of required sta...ce nodes for the current kernel.
[    6.579534] systemd[1]: Started Uncomplicated firewall.
[[0;32m  OK  [0m] Started Uncomplicated firewall.
[    6.581818] Loading iSCSI transport class v2.0-870.
[    6.583124] systemd[1]: Started File System Check on Root Device.
[[0;32m  OK  [0m] Started File System Check on Root Device.
[    6.584514] systemd[1]: Started Journal Service.
[[0;32m  OK  [0m] Started Journal Service.
[[0;32m  OK  [0m] Started File System Check Daemon to report status.
[[0;32m  OK  [0m] Started LVM2 metadata daemon.
         Starting Remount Root and Kernel File Systems...
         Starting Create Static Device Nodes in /dev...
[[0;32m  OK  [0m] Started Set console keymap.
[    6.594513] EXT4-fs (sda1): re-mounted. Opts: (null)
[[0;32m  OK  [0m] Mounted POSIX Message Queue File System.
[[0;32m  OK  [0m] Started Remount Root and Kernel File Systems.
[[0;32m  OK  [0m] Started Nameserver information manager.
         Starting Flush Journal to Persistent Storage...
         Starting udev Coldplug all Devices...
         Starting Load/Save Random Seed...
[[0;32m  OK  [0m] Started Load/Save Random Seed.
[    6.607206] systemd-journald[391]: Received request to flush runtime journal from PID 1
[[0;32m  OK  [0m] Started Flush Journal to Persistent Storage.
[    6.615185] iscsi: registered transport (tcp)
[[0;32m  OK  [0m] Started Create Static Device Nodes in /dev.
         Starting udev Kernel Device Manager...
[[0;32m  OK  [0m] Started udev Kernel Device Manager.
[    6.649523] iscsi: registered transport (iser)
[[0;32m  OK  [0m] Started udev Coldplug all Devices.
[[0;32m  OK  [0m] Started Dispatch Password Requests to Console Directory Watch.
[[0;32m  OK  [0m] Started Load Kernel Modules.
         Mounting FUSE Control File System...
         Starting Apply Kernel Variables...
[[0;32m  OK  [0m] Mounted FUSE Control File System.
[[0;32m  OK  [0m] Started Apply Kernel Variables.
[[0;32m  OK  [0m] Found device /dev/ttyS0.
[[0;32m  OK  [0m] Listening on Load/Save RF Kill Switch Status /dev/rfkill Watch.
[[0;32m  OK  [0m] Started Monitoring of LVM2 mirrors,...ng dmeventd or progress polling.
[[0;32m  OK  [0m] Reached target Local File Systems (Pre).
[[0;32m  OK  [0m] Reached target Local File Systems.
         Starting Set console font and keymap...
         Starting Create Volatile Files and Directories...
         Starting Commit a transient machine-id on disk...
         Starting Tell Plymouth To Write Out Runtime Data...
         Starting Initial cloud-init job (pre-networking)...
         Starting LSB: AppArmor initialization...
[[0;32m  OK  [0m] Started Create Volatile Files and Directories.
[[0;32m  OK  [0m] Started Tell Plymouth To Write Out Runtime Data.
         Starting Update UTMP about System Boot/Shutdown...
[[0;32m  OK  [0m] Started Update UTMP about System Boot/Shutdown.
[[0;32m  OK  [0m] Started Commit a transient machine-id on disk.
[[0;32m  OK  [0m] Started Set console font and keymap.
[[0;32m  OK  [0m] Created slice system-getty.slice.
[[0;32m  OK  [0m] Started LSB: AppArmor initialization.
         Starting Load AppArmor profiles managed internally by snapd...
[[0;32m  OK  [0m] Started Load AppArmor profiles managed internally by snapd.
[    7.517144] cloud-init[642]: Cloud-init v. 21.1-19-gbad84ad4-0ubuntu1~16.04.2 running 'init-local' at Fri, 25 Nov 2022 13:26:02 +0000. Up 7.37 seconds.
[[0;32m  OK  [0m] Started Initial cloud-init job (pre-networking).
[[0;32m  OK  [0m] Reached target Network (Pre).
         Starting Raise network interfaces...
[[0;32m  OK  [0m] Started Raise network interfaces.
[[0;32m  OK  [0m] Reached target Network.
         Starting Initial cloud-init job (metadata service crawler)...
[    8.098147] cloud-init[955]: Cloud-init v. 21.1-19-gbad84ad4-0ubuntu1~16.04.2 running 'init' at Fri, 25 Nov 2022 13:26:02 +0000. Up 7.82 seconds.
[    8.099301] cloud-init[955]: ci-info: ++++++++++++++++++++++++++++++++++++++Net device info++++++++++++++++++++++++++++++++++++++
[    8.100323] cloud-init[955]: ci-info: +--------+------+----------------------------+---------------+--------+-------------------+
[    8.101316] cloud-init[955]: ci-info: | Device |  Up  |          Address           |      Mask     | Scope  |     Hw-Address    |
[    8.102301] cloud-init[955]: ci-info: +--------+------+----------------------------+---------------+--------+-------------------+
[    8.103289] cloud-init[955]: ci-info: | enp0s3 | True |         10.0.2.15          | 255.255.255.0 | global | 02:be:82:6b:cc:1d |
[    8.104292] cloud-init[955]: ci-info: | enp0s3 | True | fe80::be:82ff:fe6b:cc1d/64 |       .       |  link  | 02:be:82:6b:cc:1d |
[    8.105307] cloud-init[955]: ci-info: |   lo   | True |         127.0.0.1          |   255.0.0.0   |  host  |         .         |
[    8.106310] cloud-init[955]: ci-info: |   lo   | True |          ::1/128           |       .       |  host  |         .         |
[    8.107311] cloud-init[955]: ci-info: +--------+------+----------------------------+---------------+--------+-------------------+
[    8.108324] cloud-init[955]: ci-info: +++++++++++++++++++++++++++Route IPv4 info++++++++++++++++++++++++++++
[    8.109208] cloud-init[955]: ci-info: +-------+-------------+----------+---------------+-----------+-------+
[    8.110089] cloud-init[955]: ci-info: | Route | Destination | Gateway  |    Genmask    | Interface | Flags |
[    8.110967] cloud-init[955]: ci-info: +-------+-------------+----------+---------------+-----------+-------+
[    8.111843] cloud-init[955]: ci-info: |   0   |   0.0.0.0   | 10.0.2.2 |    0.0.0.0    |   enp0s3  |   UG  |
[    8.112727] cloud-init[955]: ci-info: |   1   |   10.0.2.0  | 0.0.0.0  | 255.255.255.0 |   enp0s3  |   U   |
[    8.113605] cloud-init[955]: ci-info: +-------+-------------+----------+---------------+-----------+-------+
[    8.114473] cloud-init[955]: ci-info: +++++++++++++++++++Route IPv6 info+++++++++++++++++++
[    8.115239] cloud-init[955]: ci-info: +-------+-------------+---------+-----------+-------+
[    8.116014] cloud-init[955]: ci-info: | Route | Destination | Gateway | Interface | Flags |
[    8.116802] cloud-init[955]: ci-info: +-------+-------------+---------+-----------+-------+
[    8.117566] cloud-init[955]: ci-info: |   0   |  fe80::/64  |    ::   |   enp0s3  |   U   |
[    8.118340] cloud-init[955]: ci-info: |   3   |   ff00::/8  |    ::   |   enp0s3  |   U   |
[    8.119117] cloud-init[955]: ci-info: +-------+-------------+---------+-----------+-------+
[    8.119903] cloud-init[955]: Generating public/private rsa key pair.
[    8.120561] cloud-init[955]: Your identification has been saved in /etc/ssh/ssh_host_rsa_key.
[    8.121357] cloud-init[955]: Your public key has been saved in /etc/ssh/ssh_host_rsa_key.pub.
[    8.122149] cloud-init[955]: The key fingerprint is:
[    8.122700] cloud-init[955]: SHA256:ArxpAcgVcZHMeMddjlOvTv8TQjRz7Loa2Cqml32ri5k root@ubuntu-xenial
[    8.124235] cloud-init[955]: The key's randomart image is:
[    8.124929] cloud-init[955]: +---[RSA 2048]----+
[    8.125549] cloud-init[955]: |..o+*o+ . .o  .  |
[    8.126182] cloud-init[955]: |.. +.= o .+ .+ o |
[    8.126805] cloud-init[955]: |    = .  o ...=  |
[    8.127428] cloud-init[955]: |     =    . .. . |
[    8.128052] cloud-init[955]: |    + . S  o. .  |
[    8.128696] cloud-init[955]: |   .   .  = .o . |
[    8.129288] cloud-init[955]: |        o. + .o .|
[    8.129902] cloud-init[955]: |       =+....... |
[    8.130530] cloud-init[955]: |     .+E.++oo  ..|
[    8.131143] cloud-init[955]: +----[SHA256]-----+
[    8.131745] cloud-init[955]: Generating public/private dsa key pair.
[    8.132505] cloud-init[955]: Your identification has been saved in /etc/ssh/ssh_host_dsa_key.
[    8.133360] cloud-init[955]: Your public key has been saved in /etc/ssh/ssh_host_dsa_key.pub.
[    8.134221] cloud-init[955]: The key fingerprint is:
[    8.134845] cloud-init[955]: [[0;32m  OK  [0m] Started Initial cloud-init job (metadata service crawler).
[[0;32m  OK  [0m] Reached target Network is Online.
SHA256:tfNabfxtQSqNxsFc7k51TPfd/N6fQPnxlGoshywxGHE root@ubuntu-xenial
[    8.137695] cloud-init[955]: The key's randomart image is:
[    8.138321] cloud-init[955]: +---[DSA 1024]----+
[    8.138883] cloud-init[955]: |       . E       |
[    8.139446] cloud-init[955]: |        o    .  o|
         Starting iSCSI initiator daemon (iscsid)...
[[0;32m  OK  [0m] Reached target Cloud-config availability.[    8.140025] cloud-init[955]: |       .  + o  +=|
[    8.141110] cloud-init[955]: |        o. = ..oO|
[    8.141375] cloud-init[955]: |       .So+ =o+o+|
[    8.141664] cloud-init[955]: |          +B+Boo+|
[    8.141946] cloud-init[955]: |         ..+**+o+|
[    8.142233] cloud-init[955]: |          .o+o..*|
[    8.142425] cloud-init[955]: |          .    o=|
[    8.142616] cloud-init[955]: +----[SHA256]-----+
[    8.142898] cloud-init[955]: Generating public/private ecdsa key pair.
[    8.143188] cloud-init[955]: Your identification has been saved in /etc/ssh/ssh_host_ecdsa_key.
[    8.143378] cloud-init[955]: Your public key has been saved in /etc/ssh/ssh_host_ecdsa_key.pub.
[    8.143570] cloud-init[955]: The key fingerprint is:
[    8.143759] cloud-init[955]: SHA256:D/4nR43ZXR57Z+giJPB+4nlNR9zneoZwwOyR5kyMo1c root@ubuntu-xenial
[    8.143950] cloud-init[955]: The key's randomart image is:
[    8.144621] cloud-init[955]: +---[ECDSA 256]---+
[    8.144890] cloud-init[955]: |                 |
[    8.145173] cloud-init[955]: |                 |
[    8.145461] cloud-init[955]: |           = o . |
[    8.145746] cloud-init[955]: |      .   o E o.+|
[    8.145937] cloud-init[955]: |       oS. O O ==|
[    8.146131] cloud-init[955]: |       .+oo X *.B|
[    8.146321] cloud-init[955]: |       ..+.+ = +o|
[    8.146510] cloud-init[955]: |        oo= = + o|
[    8.146701] cloud-init[955]: |       .o+.= . o |
[    8.146892] cloud-init[955]: +----[SHA256]-----+
[    8.147080] cloud-init[955]: Generating public/private ed25519 key pair.
[    8.147275] cloud-init[955]: Your identification has been saved in /etc/ssh/ssh_host_ed25519_key.
[    8.147560] cloud-init[955]: Your public key has been saved in /etc/ssh/ssh_host_ed25519_key.pub.
[    8.147754] cloud-init[955]: The key fingerprint is:
[    8.147943] cloud-init[955]: SHA256:GdeHPQTai0GFJwaJAqgbLxeACVXIvTVaVtssIY072bQ root@ubuntu-xenial
[    8.148245] cloud-init[955]: The key's randomart image is:
[    8.148348] cloud-init[955]: +--[ED25519 256]--+
[    8.148450] cloud-init[955]: |+=o=. .=+o.oo..  |
[    8.148554] cloud-init[955]: |= o o B.+*++.+   |
[    8.148657] cloud-init[955]: |..   B *+o*o+ +  |
[    8.148760] cloud-init[955]: |o . o + E= o o . |
[    8.148863] cloud-init[955]: | + .   .S . .    |
[    8.148964] cloud-init[955]: |o o              |
[    8.149067] cloud-init[955]: | o               |
[    8.149170] cloud-init[955]: |                 |
[    8.149282] cloud-init[955]: |                 |
[    8.149374] cloud-init[955]: +----[SHA256]-----+

[[0;32m  OK  [0m] Reached target System Initialization.
[[0;32m  OK  [0m] Started ACPI Events Check.
[[0;32m  OK  [0m] Reached target Paths.
[[0;32m  OK  [0m] Started Daily Cleanup of Temporary Directories.
[[0;32m  OK  [0m] Started Message of the Day.
[[0;32m  OK  [0m] Listening on ACPID Listen Socket.
[[0;32m  OK  [0m] Listening on UUID daemon activation socket.
[[0;32m  OK  [0m] Listening on D-Bus System Message Bus Socket.
[[0;32m  OK  [0m] Started Daily apt download activities.
[[0;32m  OK  [0m] Started Daily apt upgrade and clean activities.
         Starting LXD - unix socket.
         Starting Socket activation for snappy daemon.
[[0;32m  OK  [0m] Started Ubuntu Advantage update messaging.
[[0;32m  OK  [0m] Reached target Timers.
[[0;32m  OK  [0m] Listening on LXD - unix socket.
[[0;32m  OK  [0m] Listening on Socket activation for snappy daemon.
[[0;32m  OK  [0m] Reached target Sockets.
[[0;32m  OK  [0m] Reached target Basic System.
[[0;32m  OK  [0m] Started Regular background program processing daemon.
         Starting LSB: MD monitoring daemon...
[[0;32m  OK  [0m] Started Deferred execution scheduler.
         Starting Login Service...
[[0;32m  OK  [0m] Started FUSE filesystem for LXC.
         Starting LSB: Record successful boot for GRUB...
[[0;32m  OK  [0m] Started ACPI event daemon.
[[0;32m  OK  [0m] Started D-Bus System Message Bus.
         Starting Virtualbox guest utils...
         Starting Snap Daemon...
         Starting System Logging Service...
         Starting LXD - container startup/shutdown...
         Starting /etc/rc.local Compatibility...
         Starting Pollinate to seed the pseudo random number generator...
         Starting Accounts Service...
[[0;32m  OK  [0m] Started iSCSI initiator daemon (iscsid).
[[0;32m  OK  [0m] Started /etc/rc.local Compatibility.
[[0;32m  OK  [0m] Started System Logging Service.
         Starting Login to default iSCSI targets...
[[0;32m  OK  [0m] Started Login to default iSCSI targets.
[[0;32m  OK  [0m] Started LSB: MD monitoring daemon.
[[0;32m  OK  [0m] Reached target Remote File Systems (Pre).
[[0;32m  OK  [0m] Reached target Remote File Systems.
         Starting Permit User Sessions...
         Starting LSB: automatic crash report generation...
         Starting LSB: daemon to balance interrupts for SMP systems...
         Starting LSB: Set the CPU Frequency Scaling governor to "ondemand"...
[[0;32m  OK  [0m] Started Permit User Sessions.
         Starting Terminate Plymouth Boot Screen...
         Starting Hold until boot process finishes up...
[[0;32m  OK  [0m] Started LSB: Record successful boot for GRUB.
[[0;32m  OK  [0m] Started Hold until boot process finishes up.
[[0;32m  OK  [0m] Started Login Service.
[[0;32m  OK  [0m] Started LSB: Set the CPU Frequency Scaling governor to "ondemand".
[[0;32m  OK  [0m] Started Unattended Upgrades Shutdown.
[[0;32m  OK  [0m] Started Serial Getty on ttyS0.
[[0;32m  OK  [0m] Started Getty on tty1.
[[0;32m  OK  [0m] Reached target Login Prompts.
         Starting Set console scheme...
[[0;32m  OK  [0m] Started Terminate Plymouth Boot Screen.
[[0;32m  OK  [0m] Started Set console scheme.
[[0;32m  OK  [0m] Started LSB: automatic crash report generation.
[[0;32m  OK  [0m] Started LSB: daemon to balance interrupts for SMP systems.
[[0;32m  OK  [0m] Started LXD - container startup/shutdown.
         Starting Authenticate and Authorize Users to Run Privileged Tasks...
[[0;32m  OK  [0m] Started Authenticate and Authorize Users to Run Privileged Tasks.
[[0;32m  OK  [0m] Started Accounts Service.
[[0;32m  OK  [0m] Started Virtualbox guest utils.
[[0;32m  OK  [0m] Started Snap Daemon.
         Starting Wait until snapd is fully seeded...
[[0;32m  OK  [0m] Started Pollinate to seed the pseudo random number generator.
         Starting OpenBSD Secure Shell server...
[[0;32m  OK  [0m] Started OpenBSD Secure Shell server.
[[0;32m  OK  [0m] Started Wait until snapd is fully seeded.
[[0;32m  OK  [0m] Reached target Multi-User System.
[[0;32m  OK  [0m] Reached target Graphical Interface.
         Starting Update UTMP about System Runlevel Changes...
         Starting Apply the settings specified in cloud-config...
[[0;32m  OK  [0m] Started Update UTMP about System Runlevel Changes.
[[0;32m  OK  [0m] Created slice User Slice of vagrant.
         Starting User Manager for UID 1000...
[[0;32m  OK  [0m] Started Session 1 of user vagrant.
[[0;32m  OK  [0m] Started User Manager for UID 1000.
[   12.349142] cloud-init[1298]: Generating locales (this might take a while)...
[   12.824277] cloud-init[1298]:   en_US.UTF-8... done
[   12.828879] cloud-init[1298]: Generation complete.
[   12.987634] cloud-init[1298]: Cloud-init v. 21.1-19-gbad84ad4-0ubuntu1~16.04.2 running 'modules:config' at Fri, 25 Nov 2022 13:26:07 +0000. Up 12.28 seconds.
[[0;32m  OK  [0m] Started Apply the settings specified in cloud-config.
         Starting Execute cloud user/final scripts...
ci-info: no authorized SSH keys fingerprints found for user ubuntu.
<14>Nov 25 13:26:08 ec2: 
<14>Nov 25 13:26:08 ec2: #############################################################
<14>Nov 25 13:26:08 ec2: -----BEGIN SSH HOST KEY FINGERPRINTS-----
<14>Nov 25 13:26:08 ec2: 1024 SHA256:tfNabfxtQSqNxsFc7k51TPfd/N6fQPnxlGoshywxGHE root@ubuntu-xenial (DSA)
<14>Nov 25 13:26:08 ec2: 256 SHA256:D/4nR43ZXR57Z+giJPB+4nlNR9zneoZwwOyR5kyMo1c root@ubuntu-xenial (ECDSA)
<14>Nov 25 13:26:08 ec2: 256 SHA256:GdeHPQTai0GFJwaJAqgbLxeACVXIvTVaVtssIY072bQ root@ubuntu-xenial (ED25519)
<14>Nov 25 13:26:08 ec2: 2048 SHA256:ArxpAcgVcZHMeMddjlOvTv8TQjRz7Loa2Cqml32ri5k root@ubuntu-xenial (RSA)
<14>Nov 25 13:26:08 ec2: -----END SSH HOST KEY FINGERPRINTS-----
<14>Nov 25 13:26:08 ec2: #############################################################
-----BEGIN SSH HOST KEY KEYS-----
ecdsa-sha2-nistp256 AAAAE2VjZHNhLXNoYTItbmlzdHAyNTYAAAAIbmlzdHAyNTYAAABBBDE9MTvCOXjemZJAFfWjzJbSQrC1VxG4VJJtcPoA453ZSHF2GaIoc8C1ut8yIPVJ3V2+o6652Vr7g8nXuf7mk0U= root@ubuntu-xenial
ssh-ed25519 AAAAC3NzaC1lZDI1NTE5AAAAIFMHta3F7+/0NoF+l/FxcVX+HVQDpTm+P5y3Am2MCHdg root@ubuntu-xenial
ssh-rsa AAAAB3NzaC1yc2EAAAADAQABAAABAQC06atXrpitGGoa1LQotwpCI2mJ126tPTR1Y4fQjTl05h54V+ZS0G1uYZ0aev3H8CPKfnglJ6Ad/OcnUxTz5pSoFRcdW43LDuuNUD0eGr6kTiY5sSEOx8mO/m6pELMIpIunOMZiWZRIbBm5QUpTHHn9vYGahZ2WYGdNm0r7K0+EjxNmKXs1+bqlIZ+prznVDNWQqBXZKixeyJa+vRJbh8UyxsI1COkv3x1SzSplk/A4eLaxCDCzxZ2sloMBkbePmlGt0K5WJXT7DaobHPxzv/kY7AGZfQiDQ42e5+oLM5PVAnI/cDv8kpjd7WK7+AsgptrmoBLf1cdPKLXuE4ETWctT root@ubuntu-xenial
-----END SSH HOST KEY KEYS-----
[   13.243906] cloud-init[1434]: Cloud-init v. 21.1-19-gbad84ad4-0ubuntu1~16.04.2 running 'modules:final' at Fri, 25 Nov 2022 13:26:08 +0000. Up 13.16 seconds.
[   13.244944] cloud-init[1434]: ci-info: no authorized SSH keys fingerprints found for user ubuntu.
[   13.245659] cloud-init[1434]: Cloud-init v. 21.1-19-gbad84ad4-0ubuntu1~16.04.2 finished at Fri, 25 Nov 2022 13:26:08 +0000. Datasource DataSourceNoCloud [seed=/dev/sdb][dsmode=net].  Up 13.23 seconds

Ubuntu 16.04.7 LTS ubuntu-xenial ttyS0

ubuntu-xenial login: [[0;32m  OK  [0m] Stopped target Cloud-init target.
         Stopping ACPI event daemon...
[[0;32m  OK  [0m] Stopped target Graphical Interface.
         Stopping Accounts Service...
         Stopping Authenticate and Authorize Users to Run Privileged Tasks...
[[0;32m  OK  [0m] Stopped target Timers.
[[0;32m  OK  [0m] Stopped Message of the Day.
[[0;32m  OK  [0m] Stopped Ubuntu Advantage Timer for running repeated jobs.
         Stopping Session 3 of user vagrant.
         Stopping User Manager for UID 1000...
[[0;32m  OK  [0m] Closed Load/Save RF Kill Switch Status /dev/rfkill Watch.
         Stopping Session 4 of user vagrant.
[[0;32m  OK  [0m] Stopped Execute cloud user/final scripts.
[[0;32m  OK  [0m] Stopped target Multi-User System.
         Stopping FUSE filesystem for LXC...
[[0;32m  OK  [0m] Stopped target Login Prompts.
         Stopping Getty on tty1...
         Stopping Serial Getty on ttyS0...
         Stopping LSB: Set the CPU Frequency Scaling governor to "ondemand"...
         Stopping LSB: MD monitoring daemon...
         Stopping LSB: automatic crash report generation...
         Stopping LSB: Record successful boot for GRUB...
         Stopping LSB: daemon to balance interrupts for SMP systems...
         Stopping Regular background program processing daemon...
         Stopping D-Bus System Message Bus...
[[0;32m  OK  [0m] Stopped Apply the settings specified in cloud-config.
[[0;32m  OK  [0m] Stopped target Cloud-config availability.
[[0;32m  OK  [0m] Stopped Wait until snapd is fully seeded.
         Stopping System Logging Service...
         Stopping OpenBSD Secure Shell server...
         Stopping LXD - container startup/shutdown...
         Stopping Deferred execution scheduler...
[[0;32m  OK  [0m] Stopped Daily Cleanup of Temporary Directories.
         Stopping Virtualbox guest utils...
[[0;32m  OK  [0m] Stopped Daily apt upgrade and clean activities.
[[0;32m  OK  [0m] Stopped Daily apt download activities.
[[0;32m  OK  [0m] Stopped target System Time Synchronized.
[[0;32m  OK  [0m] Unmounted /var/lib/lxcfs.
[[0;32m  OK  [0m] Stopped Regular background program processing daemon.
[[0;32m  OK  [0m] Stopped Deferred execution scheduler.
[[0;32m  OK  [0m] Stopped System Logging Service.
[[0;32m  OK  [0m] Stopped Accounts Service.
[[0;32m  OK  [0m] Stopped Serial Getty on ttyS0.
[[0;32m  OK  [0m] Stopped Getty on tty1.
[[0;32m  OK  [0m] Stopped ACPI event daemon.
[[0;32m  OK  [0m] Stopped Authenticate and Authorize Users to Run Privileged Tasks.
[[0;32m  OK  [0m] Stopped OpenBSD Secure Shell server.
[[0;32m  OK  [0m] Stopped User Manager for UID 1000.
[[0;32m  OK  [0m] Stopped Session 3 of user vagrant.
[[0;32m  OK  [0m] Stopped D-Bus System Message Bus.
[[0;32m  OK  [0m] Stopped FUSE filesystem for LXC.
[[0;32m  OK  [0m] Stopped LSB: Set the CPU Frequency Scaling governor to "ondemand".
[[0;32m  OK  [0m] Stopped LSB: MD monitoring daemon.
[[0;32m  OK  [0m] Stopped LSB: daemon to balance interrupts for SMP systems.
[[0;32m  OK  [0m] Stopped LXD - container startup/shutdown.
[[0;32m  OK  [0m] Stopped Session 4 of user vagrant.
[[0;32m  OK  [0m] Removed slice User Slice of vagrant.
         Stopping Login Service...
[[0;32m  OK  [0m] Removed slice system-getty.slice.
[[0;32m  OK  [0m] Stopped /etc/rc.local Compatibility.
[[0;32m  OK  [0m] Removed slice system-serial\x2dgetty.slice.
         Stopping Permit User Sessions...
[[0;32m  OK  [0m] Stopped LSB: automatic crash report generation.
[[0;32m  OK  [0m] Stopped LSB: Record successful boot for GRUB.
[[0;32m  OK  [0m] Stopped Virtualbox guest utils.
[[0;32m  OK  [0m] Stopped Permit User Sessions.
[[0;32m  OK  [0m] Stopped target Remote File Systems.
         Unmounting /vagrant...
[[0;32m  OK  [0m] Unmounted /vagrant.
[[0;32m  OK  [0m] Stopped target Remote File Systems (Pre).
         Stopping Login to default iSCSI targets...
[[0;32m  OK  [0m] Stopped Login to default iSCSI targets.
         Stopping iSCSI initiator daemon (iscsid)...
[[0;32m  OK  [0m] Stopped iSCSI initiator daemon (iscsid).
[[0;32m  OK  [0m] Stopped target Network is Online.
[[0;32m  OK  [0m] Stopped target Network.
[[0;32m  OK  [0m] Stopped Login Service.
[[0;32m  OK  [0m] Stopped target Basic System.
[[0;32m  OK  [0m] Stopped target Paths.
[[0;32m  OK  [0m] Stopped Forward Password Requests to Wall Directory Watch.
[[0;32m  OK  [0m] Stopped ACPI Events Check.
[[0;32m  OK  [0m] Stopped Dispatch Password Requests to Console Directory Watch.
[[0;32m  OK  [0m] Stopped target Slices.
[[0;32m  OK  [0m] Removed slice User and Session Slice.
[[0;32m  OK  [0m] Stopped target Sockets.
[[0;32m  OK  [0m] Closed D-Bus System Message Bus Socket.
[[0;32m  OK  [0m] Closed Socket activation for snappy daemon.
[[0;32m  OK  [0m] Closed LXD - unix socket.
[[0;32m  OK  [0m] Closed ACPID Listen Socket.
[[0;32m  OK  [0m] Closed Syslog Socket.
[[0;32m  OK  [0m] Closed UUID daemon activation socket.
[[0;32m  OK  [0m] Stopped target System Initialization.
         Stopping Update UTMP about System Boot/Shutdown...
[[0;32m  OK  [0m] Stopped Initial cloud-init job (metadata service crawler).
         Stopping Raise network interfaces...
[[0;32m  OK  [0m] Stopped target Swap.
[[0;32m  OK  [0m] Stopped target Encrypted Volumes.
         Stopping Load/Save Random Seed...
[[0;32m  OK  [0m] Stopped Commit a transient machine-id on disk.
[[0;32m  OK  [0m] Stopped target User and Group Name Lookups.
[[0;32m  OK  [0m] Stopped Load/Save Random Seed.
[[0;32m  OK  [0m] Stopped Update UTMP about System Boot/Shutdown.
[[0;32m  OK  [0m] Stopped Create Volatile Files and Directories.
[[0;32m  OK  [0m] Stopped Raise network interfaces.
[[0;32m  OK  [0m] Stopped Apply Kernel Variables.
[[0;32m  OK  [0m] Stopped Load Kernel Modules.
[[0;32m  OK  [0m] Stopped target Local File Systems.
         Unmounting /run/user/1000...
[[0;32m  OK  [0m] Stopped target Network (Pre).
[[0;32m  OK  [0m] Stopped Initial cloud-init job (pre-networking).
[[0;32m  OK  [0m] Unmounted /run/user/1000.
[[0;32m  OK  [0m] Reached target Unmount All Filesystems.
[[0;32m  OK  [0m] Stopped target Local File Systems (Pre).
[[0;32m  OK  [0m] Stopped Create Static Device Nodes in /dev.
         Stopping Monitoring of LVM2 mirrors... dmeventd or progress polling...
[[0;32m  OK  [0m] Stopped Remount Root and Kernel File Systems.
[[0;32m  OK  [0m] Reached target Shutdown.
[  448.113239] reboot: Power down
